Qflow route logfile created on Thursday 12 March 2026 04:51:33 PM IST
qrouter -noc  -s spi_slave.cfg
Qrouter detail maze router version 1.4.59.T
Reading LEF data from file /usr/local/share/qflow/tech/osu018/osu018_stdcells.lef.
LEF Read, Line 191: NOTE:  Old format VIARULE ignored.
LEF Read, Line 192: NOTE:  Old format VIARULE ignored.
LEF Read, Line 196: NOTE:  Old format VIARULE ignored.
LEF Read, Line 197: NOTE:  Old format VIARULE ignored.
LEF Read, Line 207: NOTE:  Old format VIARULE ignored.
LEF Read, Line 208: NOTE:  Old format VIARULE ignored.
LEF Read, Line 212: NOTE:  Old format VIARULE ignored.
LEF Read, Line 213: NOTE:  Old format VIARULE ignored.
LEF Read, Line 223: NOTE:  Old format VIARULE ignored.
LEF Read, Line 224: NOTE:  Old format VIARULE ignored.
LEF Read, Line 228: NOTE:  Old format VIARULE ignored.
LEF Read, Line 229: NOTE:  Old format VIARULE ignored.
LEF Read, Line 239: NOTE:  Old format VIARULE ignored.
LEF Read, Line 240: NOTE:  Old format VIARULE ignored.
LEF Read, Line 244: NOTE:  Old format VIARULE ignored.
LEF Read, Line 245: NOTE:  Old format VIARULE ignored.
LEF Read, Line 255: NOTE:  Old format VIARULE ignored.
LEF Read, Line 256: NOTE:  Old format VIARULE ignored.
LEF Read, Line 260: NOTE:  Old format VIARULE ignored.
LEF Read, Line 261: NOTE:  Old format VIARULE ignored.
LEF file:  Defines site core (ignored)
LEF read: Processed 2941 lines.
LEF Read: encountered 0 errors and 20 warnings total.
Vertical route layer at non-minimum pitch 1.6.  Using smaller pitch 0.8, will route on 1-of-2 tracks for layer metal6.
Reading DEF data from file spi_slave.def.
Diagnostic: Design name: "spi_slave"
  Processed 5 vias total.
  Processed 334 subcell instances total.
  Processed 33 pins total.
  Processed 283 nets total (0 fixed).
  Processed 2 special nets total (3 fixed).
DEF read: Processed 1836 lines.
Output scale = microns / 100, precision 1
No antenna cell defined!
There are 284 nets in this design.
*** Running stage1 routing with defaults
Finished routing net vdd
Nets remaining: 283
Finished routing net _38_
Nets remaining: 282
Finished routing net _158_
Nets remaining: 281
Finished routing net _7_
Nets remaining: 280
Finished routing net _14_
Nets remaining: 279
Finished routing net addr[4]
Nets remaining: 278
Finished routing net _50_
Nets remaining: 277
Finished routing net _32_
Nets remaining: 276
Finished routing net _33_
Nets remaining: 275
Finished routing net _13__bF$buf5
Nets remaining: 274
Finished routing net count[1]
Nets remaining: 273
Finished routing net _89_
Nets remaining: 272
Finished routing net SCK_bF$buf4
Nets remaining: 271
Finished routing net SCK_bF$buf3
Nets remaining: 270
Finished routing net SCK_bF$buf2
Nets remaining: 269
Finished routing net _13_
Nets remaining: 268
Finished routing net _13__bF$buf4
Nets remaining: 267
Finished routing net _13__bF$buf3
Nets remaining: 266
Finished routing net _13__bF$buf2
Nets remaining: 265
Finished routing net _13__bF$buf1
Nets remaining: 264
Finished routing net _13__bF$buf0
Nets remaining: 263
Finished routing net state[0_bF$buf3]
Nets remaining: 262
Finished routing net state[0_bF$buf2]
Nets remaining: 261
Finished routing net state[0_bF$buf1]
Nets remaining: 260
Finished routing net state[2_bF$buf3]
Nets remaining: 259
Finished routing net addr[3]
Nets remaining: 258
Finished routing net fixed[0]
Nets remaining: 257
Finished routing net count[2]
Nets remaining: 256
Finished routing net _46_
Nets remaining: 255
Finished routing net SCK
Nets remaining: 254
Finished routing net SCK_bF$buf1
Nets remaining: 253
Finished routing net SCK_bF$buf0
Nets remaining: 252
Finished routing net state[0_bF$buf0]
Nets remaining: 251
Finished routing net state[2_bF$buf2]
Nets remaining: 250
Finished routing net state[2_bF$buf1]
Nets remaining: 249
Finished routing net state[2_bF$buf0]
Nets remaining: 248
Finished routing net addr[0]
Nets remaining: 247
Finished routing net addr[2]
Nets remaining: 246
Finished routing net addr[5]
Nets remaining: 245
Finished routing net fixed[2]
Nets remaining: 244
Finished routing net fixed[1]
Nets remaining: 243
Finished routing net state[1]
Nets remaining: 242
Finished routing net count[0]
Nets remaining: 241
Finished routing net _31_
Nets remaining: 240
Finished routing net _98_
Nets remaining: 239
Finished routing net state[0]
Nets remaining: 238
Finished routing net state[2]
Nets remaining: 237
Finished routing net addr[1]
Nets remaining: 236
Finished routing net _34_
Nets remaining: 235
Finished routing net readmode
Nets remaining: 234
Finished routing net _43_
Nets remaining: 233
Finished routing net _48_
Nets remaining: 232
Finished routing net _68_
Nets remaining: 231
Finished routing net SDI
Nets remaining: 230
Finished routing net _84_
Nets remaining: 229
Finished routing net _86_
Nets remaining: 228
Finished routing net addr[7]
Nets remaining: 227
Finished routing net _159_
Nets remaining: 226
Finished routing net _160_
Nets remaining: 225
Finished routing net _19_
Nets remaining: 224
Finished routing net _27_
Nets remaining: 223
Finished routing net _73_
Nets remaining: 222
Finished routing net _75_
Nets remaining: 221
Finished routing net _88_
Nets remaining: 220
Finished routing net _121_
Nets remaining: 219
Finished routing net _132_
Nets remaining: 218
Finished routing net _142_
Nets remaining: 217
Finished routing net addr[6]
Nets remaining: 216
Finished routing net _161_
Nets remaining: 215
Finished routing net _18_
Nets remaining: 214
Finished routing net _20_
Nets remaining: 213
Finished routing net _21_
Nets remaining: 212
Finished routing net _22_
Nets remaining: 211
Finished routing net _24_
Nets remaining: 210
Finished routing net _26_
Nets remaining: 209
Finished routing net _28_
Nets remaining: 208
Finished routing net _35_
Nets remaining: 207
Finished routing net _39_
Nets remaining: 206
Finished routing net _164_
Nets remaining: 205
Finished routing net _42_
Nets remaining: 204
Finished routing net _44_
Nets remaining: 203
Finished routing net ldata[1]
Nets remaining: 202
Finished routing net _53_
Nets remaining: 201
Finished routing net ldata[3]
Nets remaining: 200
Finished routing net _58_
Nets remaining: 199
Finished routing net ldata[5]
Nets remaining: 198
Finished routing net _63_
Nets remaining: 197
Finished routing net ldata[7]
Nets remaining: 196
Finished routing net _166_
Nets remaining: 195
Finished routing net writemode
Nets remaining: 194
Finished routing net _162_[0]
Nets remaining: 193
Finished routing net _77_
Nets remaining: 192
Finished routing net _78_
Nets remaining: 191
Finished routing net _79_
Nets remaining: 190
Finished routing net _80_
Nets remaining: 189
Finished routing net _82_
Nets remaining: 188
Finished routing net _163_[1]
Nets remaining: 187
Finished routing net _87_
Nets remaining: 186
Finished routing net _163_[2]
Nets remaining: 185
Finished routing net _90_
Nets remaining: 184
Finished routing net _163_[3]
Nets remaining: 183
Finished routing net _91_
Nets remaining: 182
Finished routing net _163_[4]
Nets remaining: 181
Finished routing net _92_
Nets remaining: 180
Finished routing net _163_[5]
Nets remaining: 179
Finished routing net _93_
Nets remaining: 178
Finished routing net _163_[6]
Nets remaining: 177
Finished routing net _94_
Nets remaining: 176
Finished routing net _163_[7]
Nets remaining: 175
Finished routing net _97_
Nets remaining: 174
Finished routing net _102_
Nets remaining: 173
Finished routing net _105_
Nets remaining: 172
Finished routing net _106_
Nets remaining: 171
Finished routing net _107_
Nets remaining: 170
Finished routing net _115_
Nets remaining: 169
Finished routing net _117_
Nets remaining: 168
Finished routing net _123_
Nets remaining: 167
Finished routing net _124_
Nets remaining: 166
Finished routing net _125_
Nets remaining: 165
Finished routing net _128_
Nets remaining: 164
Finished routing net _133_
Nets remaining: 163
Finished routing net _134_
Nets remaining: 162
Finished routing net _143_
Nets remaining: 161
Finished routing net _157_
Nets remaining: 160
Finished routing net _15_
Nets remaining: 159
Finished routing net _16_
Nets remaining: 158
Finished routing net _17_
Nets remaining: 157
Finished routing net _23_
Nets remaining: 156
Finished routing net _25_
Nets remaining: 155
Finished routing net _29_
Nets remaining: 154
Finished routing net _30_
Nets remaining: 153
Finished routing net _36_
Nets remaining: 152
Finished routing net _37_
Nets remaining: 151
Finished routing net _0_[7]
Nets remaining: 150
Finished routing net _40_
Nets remaining: 149
Finished routing net _41_
Nets remaining: 148
Finished routing net _5_
Nets remaining: 147
Finished routing net ldata[0]
Nets remaining: 146
Finished routing net _45_
Nets remaining: 145
Finished routing net idata[0]
Nets remaining: 144
Finished routing net _47_
Nets remaining: 143
Finished routing net _3_[0]
Nets remaining: 142
Finished routing net _49_
Nets remaining: 141
Finished routing net _51_
Nets remaining: 140
Finished routing net idata[1]
Nets remaining: 139
Finished routing net _52_
Nets remaining: 138
Finished routing net _3_[1]
Nets remaining: 137
Finished routing net ldata[2]
Nets remaining: 136
Finished routing net idata[2]
Nets remaining: 135
Finished routing net _54_
Nets remaining: 134
Finished routing net _3_[2]
Nets remaining: 133
Finished routing net _55_
Nets remaining: 132
Finished routing net _56_
Nets remaining: 131
Finished routing net idata[3]
Nets remaining: 130
Finished routing net _57_
Nets remaining: 129
Finished routing net _3_[3]
Nets remaining: 128
Finished routing net ldata[4]
Nets remaining: 127
Finished routing net idata[4]
Nets remaining: 126
Finished routing net _59_
Nets remaining: 125
Finished routing net _3_[4]
Nets remaining: 124
Finished routing net _60_
Nets remaining: 123
Finished routing net _61_
Nets remaining: 122
Finished routing net idata[5]
Nets remaining: 121
Finished routing net _62_
Nets remaining: 120
Finished routing net _3_[5]
Nets remaining: 119
Finished routing net ldata[6]
Nets remaining: 118
Finished routing net idata[6]
Nets remaining: 117
Finished routing net _64_
Nets remaining: 116
Finished routing net _3_[6]
Nets remaining: 115
Finished routing net _65_
Nets remaining: 114
Finished routing net _66_
Nets remaining: 113
Finished routing net idata[7]
Nets remaining: 112
Finished routing net _67_
Nets remaining: 111
Finished routing net _3_[7]
Nets remaining: 110
Finished routing net _69_
Nets remaining: 109
Finished routing net _9_
Nets remaining: 108
Finished routing net _70_
Nets remaining: 107
Finished routing net _10_
Nets remaining: 106
Finished routing net _71_
Nets remaining: 105
Finished routing net _12_
Nets remaining: 104
Finished routing net _72_
Nets remaining: 103
Finished routing net _11_
Nets remaining: 102
Finished routing net _74_
Nets remaining: 101
Finished routing net _76_
Nets remaining: 100
Finished routing net _162_[1]
Nets remaining: 99
Finished routing net _162_[2]
Nets remaining: 98
Finished routing net _81_
Nets remaining: 97
Finished routing net _162_[3]
Nets remaining: 96
Finished routing net _83_
Nets remaining: 95
Finished routing net _162_[4]
Nets remaining: 94
Finished routing net _85_
Nets remaining: 93
Finished routing net _162_[5]
Nets remaining: 92
Finished routing net _162_[6]
Nets remaining: 91
Finished routing net _162_[7]
Nets remaining: 90
Finished routing net _4_[0]
Nets remaining: 89
Finished routing net _4_[1]
Nets remaining: 88
Finished routing net _4_[2]
Nets remaining: 87
Finished routing net _4_[3]
Nets remaining: 86
Finished routing net _4_[4]
Nets remaining: 85
Finished routing net _4_[5]
Nets remaining: 84
Finished routing net _95_
Nets remaining: 83
Finished routing net _4_[6]
Nets remaining: 82
Finished routing net _96_
Nets remaining: 81
Finished routing net _99_
Nets remaining: 80
Finished routing net _100_
Nets remaining: 79
Finished routing net _101_
Nets remaining: 78
Finished routing net _103_
Nets remaining: 77
Finished routing net _104_
Nets remaining: 76
Finished routing net _2_[0]
Nets remaining: 75
Finished routing net _108_
Nets remaining: 74
Finished routing net _109_
Nets remaining: 73
Finished routing net _110_
Nets remaining: 72
Finished routing net _111_
Nets remaining: 71
Finished routing net _2_[1]
Nets remaining: 70
Finished routing net _112_
Nets remaining: 69
Finished routing net _113_
Nets remaining: 68
Finished routing net _114_
Nets remaining: 67
Finished routing net _2_[2]
Nets remaining: 66
Finished routing net _116_
Nets remaining: 65
Finished routing net _118_
Nets remaining: 64
Finished routing net _6_
Nets remaining: 63
Finished routing net _119_
Nets remaining: 62
Finished routing net _120_
Nets remaining: 61
Finished routing net _8_
Nets remaining: 60
Finished routing net _1_[0]
Nets remaining: 59
Finished routing net _122_
Nets remaining: 58
Finished routing net _1_[1]
Nets remaining: 57
Finished routing net _1_[2]
Nets remaining: 56
Finished routing net _126_
Nets remaining: 55
Finished routing net _127_
Nets remaining: 54
Finished routing net _0_[0]
Nets remaining: 53
Finished routing net _129_
Nets remaining: 52
Failed to route net _130_
Finished routing net _131_
Nets remaining: 51
Finished routing net _0_[1]
Nets remaining: 50
Finished routing net _135_
Nets remaining: 49
Finished routing net _136_
Nets remaining: 48
Finished routing net _137_
Nets remaining: 47
Finished routing net _0_[2]
Nets remaining: 46
Failed to remove stacked via at grid point 66 88.
Failed to route net _138_
Finished routing net _139_
Nets remaining: 45
Finished routing net _140_
Nets remaining: 44
Finished routing net _141_
Nets remaining: 43
Finished routing net _0_[3]
Nets remaining: 42
Finished routing net _144_
Nets remaining: 41
Finished routing net _145_
Nets remaining: 40
Finished routing net _146_
Nets remaining: 39
Finished routing net _147_
Nets remaining: 38
Failed to remove stacked via at grid point 35 110.
Failed to route net _0_[4]
Finished routing net _148_
Nets remaining: 37
Finished routing net _149_
Nets remaining: 36
Finished routing net _150_
Nets remaining: 35
Finished routing net _151_
Nets remaining: 34
Finished routing net _152_
Nets remaining: 33
Finished routing net _153_
Nets remaining: 32
Finished routing net _0_[5]
Nets remaining: 31
Finished routing net _154_
Nets remaining: 30
Finished routing net _155_
Nets remaining: 29
Finished routing net _156_
Nets remaining: 28
Finished routing net _0_[6]
Nets remaining: 27
Finished routing net CSB
Nets remaining: 26
Finished routing net SDO
Nets remaining: 25
Finished routing net oaddr[0]
Nets remaining: 24
Finished routing net oaddr[1]
Nets remaining: 23
Finished routing net oaddr[2]
Nets remaining: 22
Finished routing net oaddr[3]
Nets remaining: 21
Finished routing net oaddr[4]
Nets remaining: 20
Finished routing net oaddr[5]
Nets remaining: 19
Finished routing net oaddr[6]
Nets remaining: 18
Finished routing net oaddr[7]
Nets remaining: 17
Finished routing net odata[0]
Nets remaining: 16
Finished routing net odata[1]
Nets remaining: 15
Finished routing net odata[2]
Nets remaining: 14
Finished routing net odata[3]
Nets remaining: 13
Finished routing net odata[4]
Nets remaining: 12
Finished routing net odata[5]
Nets remaining: 11
Finished routing net odata[6]
Nets remaining: 10
Finished routing net odata[7]
Nets remaining: 9
Finished routing net rdstb
Nets remaining: 8
Finished routing net _165_
Nets remaining: 7
Finished routing net sdoenb
Nets remaining: 6
Finished routing net wrstb
Nets remaining: 5

----------------------------------------------
Progress: Stage 1 total routes completed: 663
Failed net routes: 3
----------------------------------------------
*** Running stage2 routing with options mask 10, effort 10
Nets remaining: 3
Best route of _0_[4] collides with net: SCK_bF$buf4 
Ripping up blocking net SCK_bF$buf4
Nets remaining: 3
Nets remaining: 2
Best route of _130_ collides with nets: _132_ _13__bF$buf2 
Ripping up blocking net _132_
Ripping up blocking net _13__bF$buf2
Nets remaining: 3
Best route of SCK_bF$buf4 collides with net: state[0_bF$buf1] 
Ripping up blocking net state[0_bF$buf1]
Nets remaining: 3
Nets remaining: 2
Nets remaining: 1

----------------------------------------------
Progress: Stage 2 total routes completed: 687
No failed routes!
----------------------------------------------
*** Running stage3 routing with defaults, 1st round
Keeping route for net vdd
Finished routing net _38_
Nets remaining: 282
Finished routing net _158_
Nets remaining: 281
Finished routing net _7_
Nets remaining: 280
Finished routing net _14_
Nets remaining: 279
Finished routing net addr[4]
Nets remaining: 278
Finished routing net _50_
Nets remaining: 277
Finished routing net _32_
Nets remaining: 276
Finished routing net _33_
Nets remaining: 275
Finished routing net _13__bF$buf5
Nets remaining: 274
Finished routing net count[1]
Nets remaining: 273
Finished routing net _89_
Nets remaining: 272
Finished routing net SCK_bF$buf4
Nets remaining: 271
Finished routing net SCK_bF$buf3
Nets remaining: 270
Finished routing net SCK_bF$buf2
Nets remaining: 269
Finished routing net _13_
Nets remaining: 268
Finished routing net _13__bF$buf4
Nets remaining: 267
Finished routing net _13__bF$buf3
Nets remaining: 266
Finished routing net _13__bF$buf2
Nets remaining: 265
Finished routing net _13__bF$buf1
Nets remaining: 264
Finished routing net _13__bF$buf0
Nets remaining: 263
Finished routing net state[0_bF$buf3]
Nets remaining: 262
Finished routing net state[0_bF$buf2]
Nets remaining: 261
Finished routing net state[0_bF$buf1]
Nets remaining: 260
Finished routing net state[2_bF$buf3]
Nets remaining: 259
Finished routing net addr[3]
Nets remaining: 258
Finished routing net fixed[0]
Nets remaining: 257
Finished routing net count[2]
Nets remaining: 256
Finished routing net _46_
Nets remaining: 255
Finished routing net SCK
Nets remaining: 254
Finished routing net SCK_bF$buf1
Nets remaining: 253
Finished routing net SCK_bF$buf0
Nets remaining: 252
Finished routing net state[0_bF$buf0]
Nets remaining: 251
Finished routing net state[2_bF$buf2]
Nets remaining: 250
Finished routing net state[2_bF$buf1]
Nets remaining: 249
Finished routing net state[2_bF$buf0]
Nets remaining: 248
Finished routing net addr[0]
Nets remaining: 247
Finished routing net addr[2]
Nets remaining: 246
Finished routing net addr[5]
Nets remaining: 245
Finished routing net fixed[2]
Nets remaining: 244
Finished routing net fixed[1]
Nets remaining: 243
Finished routing net state[1]
Nets remaining: 242
Finished routing net count[0]
Nets remaining: 241
Finished routing net _31_
Nets remaining: 240
Finished routing net _98_
Nets remaining: 239
Finished routing net state[0]
Nets remaining: 238
Finished routing net state[2]
Nets remaining: 237
Finished routing net addr[1]
Nets remaining: 236
Finished routing net _34_
Nets remaining: 235
Finished routing net readmode
Nets remaining: 234
Finished routing net _43_
Nets remaining: 233
Finished routing net _48_
Nets remaining: 232
Finished routing net _68_
Nets remaining: 231
Finished routing net SDI
Nets remaining: 230
Finished routing net _84_
Nets remaining: 229
Finished routing net _86_
Nets remaining: 228
Finished routing net addr[7]
Nets remaining: 227
Finished routing net _159_
Nets remaining: 226
Finished routing net _160_
Nets remaining: 225
Finished routing net _19_
Nets remaining: 224
Finished routing net _27_
Nets remaining: 223
Finished routing net _73_
Nets remaining: 222
Finished routing net _75_
Nets remaining: 221
Finished routing net _88_
Nets remaining: 220
Finished routing net _121_
Nets remaining: 219
Finished routing net _132_
Nets remaining: 218
Finished routing net _142_
Nets remaining: 217
Finished routing net addr[6]
Nets remaining: 216
Finished routing net _161_
Nets remaining: 215
Finished routing net _18_
Nets remaining: 214
Finished routing net _20_
Nets remaining: 213
Finished routing net _21_
Nets remaining: 212
Finished routing net _22_
Nets remaining: 211
Finished routing net _24_
Nets remaining: 210
Keeping route for net _26_
Finished routing net _28_
Nets remaining: 208
Finished routing net _35_
Nets remaining: 207
Finished routing net _39_
Nets remaining: 206
Finished routing net _164_
Nets remaining: 205
Finished routing net _42_
Nets remaining: 204
Finished routing net _44_
Nets remaining: 203
Finished routing net ldata[1]
Nets remaining: 202
Finished routing net _53_
Nets remaining: 201
Finished routing net ldata[3]
Nets remaining: 200
Finished routing net _58_
Nets remaining: 199
Finished routing net ldata[5]
Nets remaining: 198
Finished routing net _63_
Nets remaining: 197
Finished routing net ldata[7]
Nets remaining: 196
Finished routing net _166_
Nets remaining: 195
Finished routing net writemode
Nets remaining: 194
Finished routing net _162_[0]
Nets remaining: 193
Finished routing net _77_
Nets remaining: 192
Finished routing net _78_
Nets remaining: 191
Finished routing net _79_
Nets remaining: 190
Finished routing net _80_
Nets remaining: 189
Finished routing net _82_
Nets remaining: 188
Finished routing net _163_[1]
Nets remaining: 187
Finished routing net _87_
Nets remaining: 186
Finished routing net _163_[2]
Nets remaining: 185
Finished routing net _90_
Nets remaining: 184
Finished routing net _163_[3]
Nets remaining: 183
Finished routing net _91_
Nets remaining: 182
Finished routing net _163_[4]
Nets remaining: 181
Finished routing net _92_
Nets remaining: 180
Finished routing net _163_[5]
Nets remaining: 179
Finished routing net _93_
Nets remaining: 178
Finished routing net _163_[6]
Nets remaining: 177
Finished routing net _94_
Nets remaining: 176
Finished routing net _163_[7]
Nets remaining: 175
Finished routing net _97_
Nets remaining: 174
Finished routing net _102_
Nets remaining: 173
Finished routing net _105_
Nets remaining: 172
Finished routing net _106_
Nets remaining: 171
Finished routing net _107_
Nets remaining: 170
Finished routing net _115_
Nets remaining: 169
Finished routing net _117_
Nets remaining: 168
Finished routing net _123_
Nets remaining: 167
Finished routing net _124_
Nets remaining: 166
Finished routing net _125_
Nets remaining: 165
Finished routing net _128_
Nets remaining: 164
Finished routing net _133_
Nets remaining: 163
Finished routing net _134_
Nets remaining: 162
Finished routing net _143_
Nets remaining: 161
Finished routing net _157_
Nets remaining: 160
Finished routing net _15_
Nets remaining: 159
Keeping route for net _16_
Finished routing net _17_
Nets remaining: 157
Keeping route for net _23_
Finished routing net _25_
Nets remaining: 155
Finished routing net _29_
Nets remaining: 154
Finished routing net _30_
Nets remaining: 153
Finished routing net _36_
Nets remaining: 152
Finished routing net _37_
Nets remaining: 151
Finished routing net _0_[7]
Nets remaining: 150
Keeping route for net _40_
Finished routing net _41_
Nets remaining: 148
Keeping route for net _5_
Keeping route for net ldata[0]
Keeping route for net _45_
Finished routing net idata[0]
Nets remaining: 144
Finished routing net _47_
Nets remaining: 143
Finished routing net _3_[0]
Nets remaining: 142
Finished routing net _49_
Nets remaining: 141
Finished routing net _51_
Nets remaining: 140
Finished routing net idata[1]
Nets remaining: 139
Finished routing net _52_
Nets remaining: 138
Finished routing net _3_[1]
Nets remaining: 137
Keeping route for net ldata[2]
Finished routing net idata[2]
Nets remaining: 135
Finished routing net _54_
Nets remaining: 134
Finished routing net _3_[2]
Nets remaining: 133
Keeping route for net _55_
Finished routing net _56_
Nets remaining: 131
Finished routing net idata[3]
Nets remaining: 130
Finished routing net _57_
Nets remaining: 129
Finished routing net _3_[3]
Nets remaining: 128
Finished routing net ldata[4]
Nets remaining: 127
Finished routing net idata[4]
Nets remaining: 126
Finished routing net _59_
Nets remaining: 125
Finished routing net _3_[4]
Nets remaining: 124
Keeping route for net _60_
Keeping route for net _61_
Finished routing net idata[5]
Nets remaining: 121
Finished routing net _62_
Nets remaining: 120
Finished routing net _3_[5]
Nets remaining: 119
Keeping route for net ldata[6]
Finished routing net idata[6]
Nets remaining: 117
Finished routing net _64_
Nets remaining: 116
Finished routing net _3_[6]
Nets remaining: 115
Keeping route for net _65_
Finished routing net _66_
Nets remaining: 113
Finished routing net idata[7]
Nets remaining: 112
Finished routing net _67_
Nets remaining: 111
Finished routing net _3_[7]
Nets remaining: 110
Finished routing net _69_
Nets remaining: 109
Finished routing net _9_
Nets remaining: 108
Finished routing net _70_
Nets remaining: 107
Finished routing net _10_
Nets remaining: 106
Keeping route for net _71_
Finished routing net _12_
Nets remaining: 104
Keeping route for net _72_
Finished routing net _11_
Nets remaining: 102
Finished routing net _74_
Nets remaining: 101
Keeping route for net _76_
Finished routing net _162_[1]
Nets remaining: 99
Finished routing net _162_[2]
Nets remaining: 98
Finished routing net _81_
Nets remaining: 97
Keeping route for net _162_[3]
Finished routing net _83_
Nets remaining: 95
Keeping route for net _162_[4]
Finished routing net _85_
Nets remaining: 93
Finished routing net _162_[5]
Nets remaining: 92
Finished routing net _162_[6]
Nets remaining: 91
Keeping route for net _162_[7]
Keeping route for net _4_[0]
Finished routing net _4_[1]
Nets remaining: 88
Finished routing net _4_[2]
Nets remaining: 87
Finished routing net _4_[3]
Nets remaining: 86
Finished routing net _4_[4]
Nets remaining: 85
Finished routing net _4_[5]
Nets remaining: 84
Keeping route for net _95_
Finished routing net _4_[6]
Nets remaining: 82
Keeping route for net _96_
Finished routing net _99_
Nets remaining: 80
Keeping route for net _100_
Keeping route for net _101_
Finished routing net _103_
Nets remaining: 77
Finished routing net _104_
Nets remaining: 76
Finished routing net _2_[0]
Nets remaining: 75
Finished routing net _108_
Nets remaining: 74
Finished routing net _109_
Nets remaining: 73
Finished routing net _110_
Nets remaining: 72
Finished routing net _111_
Nets remaining: 71
Finished routing net _2_[1]
Nets remaining: 70
Keeping route for net _112_
Finished routing net _113_
Nets remaining: 68
Finished routing net _114_
Nets remaining: 67
Finished routing net _2_[2]
Nets remaining: 66
Finished routing net _116_
Nets remaining: 65
Keeping route for net _118_
Finished routing net _6_
Nets remaining: 63
Keeping route for net _119_
Finished routing net _120_
Nets remaining: 61
Finished routing net _8_
Nets remaining: 60
Finished routing net _1_[0]
Nets remaining: 59
Finished routing net _122_
Nets remaining: 58
Finished routing net _1_[1]
Nets remaining: 57
Finished routing net _1_[2]
Nets remaining: 56
Finished routing net _126_
Nets remaining: 55
Finished routing net _127_
Nets remaining: 54
Finished routing net _0_[0]
Nets remaining: 53
Keeping route for net _129_
Finished routing net _130_
Nets remaining: 51
Keeping route for net _131_
Finished routing net _0_[1]
Nets remaining: 49
Finished routing net _135_
Nets remaining: 48
Finished routing net _136_
Nets remaining: 47
Finished routing net _137_
Nets remaining: 46
Finished routing net _0_[2]
Nets remaining: 45
Finished routing net _138_
Nets remaining: 44
Keeping route for net _139_
Keeping route for net _140_
Finished routing net _141_
Nets remaining: 41
Finished routing net _0_[3]
Nets remaining: 40
Keeping route for net _144_
Finished routing net _145_
Nets remaining: 38
Keeping route for net _146_
Finished routing net _147_
Nets remaining: 36
Finished routing net _0_[4]
Nets remaining: 35
Finished routing net _148_
Nets remaining: 34
Finished routing net _149_
Nets remaining: 33
Finished routing net _150_
Nets remaining: 32
Keeping route for net _151_
Keeping route for net _152_
Finished routing net _153_
Nets remaining: 29
Finished routing net _0_[5]
Nets remaining: 28
Finished routing net _154_
Nets remaining: 27
Keeping route for net _155_
Finished routing net _156_
Nets remaining: 25
Finished routing net _0_[6]
Nets remaining: 24
Finished routing net CSB
Nets remaining: 23
Finished routing net SDO
Nets remaining: 22
Finished routing net oaddr[0]
Nets remaining: 21
Finished routing net oaddr[1]
Nets remaining: 20
Keeping route for net oaddr[2]
Finished routing net oaddr[3]
Nets remaining: 18
Finished routing net oaddr[4]
Nets remaining: 17
Finished routing net oaddr[5]
Nets remaining: 16
Finished routing net oaddr[6]
Nets remaining: 15
Finished routing net oaddr[7]
Nets remaining: 14
Finished routing net odata[0]
Nets remaining: 13
Finished routing net odata[1]
Nets remaining: 12
Keeping route for net odata[2]
Keeping route for net odata[3]
Keeping route for net odata[4]
Keeping route for net odata[5]
Finished routing net odata[6]
Nets remaining: 7
Finished routing net odata[7]
Nets remaining: 6
Keeping route for net rdstb
Finished routing net _165_
Nets remaining: 4
Finished routing net sdoenb
Nets remaining: 3
Finished routing net wrstb
Nets remaining: 2

----------------------------------------------
Progress: Stage 3 total routes completed: 1273
No failed routes!
----------------------------------------------
*** Running stage3 routing with defaults, 2nd round
Keeping route for net vdd
Finished routing net _38_
Nets remaining: 282
Finished routing net _158_
Nets remaining: 281
Finished routing net _7_
Nets remaining: 280
Finished routing net _14_
Nets remaining: 279
Finished routing net addr[4]
Nets remaining: 278
Finished routing net _50_
Nets remaining: 277
Finished routing net _32_
Nets remaining: 276
Finished routing net _33_
Nets remaining: 275
Finished routing net _13__bF$buf5
Nets remaining: 274
Finished routing net count[1]
Nets remaining: 273
Finished routing net _89_
Nets remaining: 272
Finished routing net SCK_bF$buf4
Nets remaining: 271
Finished routing net SCK_bF$buf3
Nets remaining: 270
Finished routing net SCK_bF$buf2
Nets remaining: 269
Finished routing net _13_
Nets remaining: 268
Finished routing net _13__bF$buf4
Nets remaining: 267
Finished routing net _13__bF$buf3
Nets remaining: 266
Finished routing net _13__bF$buf2
Nets remaining: 265
Finished routing net _13__bF$buf1
Nets remaining: 264
Finished routing net _13__bF$buf0
Nets remaining: 263
Finished routing net state[0_bF$buf3]
Nets remaining: 262
Finished routing net state[0_bF$buf2]
Nets remaining: 261
Finished routing net state[0_bF$buf1]
Nets remaining: 260
Finished routing net state[2_bF$buf3]
Nets remaining: 259
Finished routing net addr[3]
Nets remaining: 258
Finished routing net fixed[0]
Nets remaining: 257
Finished routing net count[2]
Nets remaining: 256
Finished routing net _46_
Nets remaining: 255
Finished routing net SCK
Nets remaining: 254
Finished routing net SCK_bF$buf1
Nets remaining: 253
Finished routing net SCK_bF$buf0
Nets remaining: 252
Finished routing net state[0_bF$buf0]
Nets remaining: 251
Finished routing net state[2_bF$buf2]
Nets remaining: 250
Finished routing net state[2_bF$buf1]
Nets remaining: 249
Finished routing net state[2_bF$buf0]
Nets remaining: 248
Finished routing net addr[0]
Nets remaining: 247
Finished routing net addr[2]
Nets remaining: 246
Finished routing net addr[5]
Nets remaining: 245
Finished routing net fixed[2]
Nets remaining: 244
Finished routing net fixed[1]
Nets remaining: 243
Finished routing net state[1]
Nets remaining: 242
Finished routing net count[0]
Nets remaining: 241
Finished routing net _31_
Nets remaining: 240
Finished routing net _98_
Nets remaining: 239
Finished routing net state[0]
Nets remaining: 238
Finished routing net state[2]
Nets remaining: 237
Finished routing net addr[1]
Nets remaining: 236
Finished routing net _34_
Nets remaining: 235
Finished routing net readmode
Nets remaining: 234
Finished routing net _43_
Nets remaining: 233
Finished routing net _48_
Nets remaining: 232
Finished routing net _68_
Nets remaining: 231
Finished routing net SDI
Nets remaining: 230
Finished routing net _84_
Nets remaining: 229
Finished routing net _86_
Nets remaining: 228
Finished routing net addr[7]
Nets remaining: 227
Finished routing net _159_
Nets remaining: 226
Finished routing net _160_
Nets remaining: 225
Finished routing net _19_
Nets remaining: 224
Finished routing net _27_
Nets remaining: 223
Finished routing net _73_
Nets remaining: 222
Finished routing net _75_
Nets remaining: 221
Finished routing net _88_
Nets remaining: 220
Finished routing net _121_
Nets remaining: 219
Finished routing net _132_
Nets remaining: 218
Finished routing net _142_
Nets remaining: 217
Finished routing net addr[6]
Nets remaining: 216
Finished routing net _161_
Nets remaining: 215
Finished routing net _18_
Nets remaining: 214
Finished routing net _20_
Nets remaining: 213
Finished routing net _21_
Nets remaining: 212
Finished routing net _22_
Nets remaining: 211
Finished routing net _24_
Nets remaining: 210
Keeping route for net _26_
Finished routing net _28_
Nets remaining: 208
Finished routing net _35_
Nets remaining: 207
Finished routing net _39_
Nets remaining: 206
Finished routing net _164_
Nets remaining: 205
Finished routing net _42_
Nets remaining: 204
Finished routing net _44_
Nets remaining: 203
Finished routing net ldata[1]
Nets remaining: 202
Finished routing net _53_
Nets remaining: 201
Finished routing net ldata[3]
Nets remaining: 200
Finished routing net _58_
Nets remaining: 199
Finished routing net ldata[5]
Nets remaining: 198
Finished routing net _63_
Nets remaining: 197
Finished routing net ldata[7]
Nets remaining: 196
Finished routing net _166_
Nets remaining: 195
Finished routing net writemode
Nets remaining: 194
Finished routing net _162_[0]
Nets remaining: 193
Finished routing net _77_
Nets remaining: 192
Finished routing net _78_
Nets remaining: 191
Finished routing net _79_
Nets remaining: 190
Finished routing net _80_
Nets remaining: 189
Finished routing net _82_
Nets remaining: 188
Finished routing net _163_[1]
Nets remaining: 187
Finished routing net _87_
Nets remaining: 186
Finished routing net _163_[2]
Nets remaining: 185
Finished routing net _90_
Nets remaining: 184
Finished routing net _163_[3]
Nets remaining: 183
Finished routing net _91_
Nets remaining: 182
Finished routing net _163_[4]
Nets remaining: 181
Finished routing net _92_
Nets remaining: 180
Finished routing net _163_[5]
Nets remaining: 179
Finished routing net _93_
Nets remaining: 178
Finished routing net _163_[6]
Nets remaining: 177
Finished routing net _94_
Nets remaining: 176
Finished routing net _163_[7]
Nets remaining: 175
Finished routing net _97_
Nets remaining: 174
Finished routing net _102_
Nets remaining: 173
Finished routing net _105_
Nets remaining: 172
Finished routing net _106_
Nets remaining: 171
Finished routing net _107_
Nets remaining: 170
Finished routing net _115_
Nets remaining: 169
Finished routing net _117_
Nets remaining: 168
Finished routing net _123_
Nets remaining: 167
Finished routing net _124_
Nets remaining: 166
Finished routing net _125_
Nets remaining: 165
Finished routing net _128_
Nets remaining: 164
Finished routing net _133_
Nets remaining: 163
Finished routing net _134_
Nets remaining: 162
Finished routing net _143_
Nets remaining: 161
Finished routing net _157_
Nets remaining: 160
Finished routing net _15_
Nets remaining: 159
Keeping route for net _16_
Finished routing net _17_
Nets remaining: 157
Keeping route for net _23_
Finished routing net _25_
Nets remaining: 155
Finished routing net _29_
Nets remaining: 154
Keeping route for net _30_
Finished routing net _36_
Nets remaining: 152
Finished routing net _37_
Nets remaining: 151
Finished routing net _0_[7]
Nets remaining: 150
Keeping route for net _40_
Finished routing net _41_
Nets remaining: 148
Keeping route for net _5_
Keeping route for net ldata[0]
Keeping route for net _45_
Finished routing net idata[0]
Nets remaining: 144
Finished routing net _47_
Nets remaining: 143
Finished routing net _3_[0]
Nets remaining: 142
Finished routing net _49_
Nets remaining: 141
Finished routing net _51_
Nets remaining: 140
Finished routing net idata[1]
Nets remaining: 139
Finished routing net _52_
Nets remaining: 138
Finished routing net _3_[1]
Nets remaining: 137
Keeping route for net ldata[2]
Finished routing net idata[2]
Nets remaining: 135
Finished routing net _54_
Nets remaining: 134
Finished routing net _3_[2]
Nets remaining: 133
Keeping route for net _55_
Finished routing net _56_
Nets remaining: 131
Finished routing net idata[3]
Nets remaining: 130
Finished routing net _57_
Nets remaining: 129
Finished routing net _3_[3]
Nets remaining: 128
Finished routing net ldata[4]
Nets remaining: 127
Finished routing net idata[4]
Nets remaining: 126
Finished routing net _59_
Nets remaining: 125
Finished routing net _3_[4]
Nets remaining: 124
Keeping route for net _60_
Keeping route for net _61_
Finished routing net idata[5]
Nets remaining: 121
Finished routing net _62_
Nets remaining: 120
Finished routing net _3_[5]
Nets remaining: 119
Keeping route for net ldata[6]
Finished routing net idata[6]
Nets remaining: 117
Finished routing net _64_
Nets remaining: 116
Finished routing net _3_[6]
Nets remaining: 115
Keeping route for net _65_
Finished routing net _66_
Nets remaining: 113
Finished routing net idata[7]
Nets remaining: 112
Finished routing net _67_
Nets remaining: 111
Finished routing net _3_[7]
Nets remaining: 110
Finished routing net _69_
Nets remaining: 109
Finished routing net _9_
Nets remaining: 108
Finished routing net _70_
Nets remaining: 107
Finished routing net _10_
Nets remaining: 106
Keeping route for net _71_
Finished routing net _12_
Nets remaining: 104
Keeping route for net _72_
Finished routing net _11_
Nets remaining: 102
Finished routing net _74_
Nets remaining: 101
Keeping route for net _76_
Finished routing net _162_[1]
Nets remaining: 99
Finished routing net _162_[2]
Nets remaining: 98
Finished routing net _81_
Nets remaining: 97
Keeping route for net _162_[3]
Finished routing net _83_
Nets remaining: 95
Keeping route for net _162_[4]
Finished routing net _85_
Nets remaining: 93
Finished routing net _162_[5]
Nets remaining: 92
Finished routing net _162_[6]
Nets remaining: 91
Keeping route for net _162_[7]
Keeping route for net _4_[0]
Finished routing net _4_[1]
Nets remaining: 88
Finished routing net _4_[2]
Nets remaining: 87
Finished routing net _4_[3]
Nets remaining: 86
Finished routing net _4_[4]
Nets remaining: 85
Finished routing net _4_[5]
Nets remaining: 84
Keeping route for net _95_
Finished routing net _4_[6]
Nets remaining: 82
Keeping route for net _96_
Finished routing net _99_
Nets remaining: 80
Keeping route for net _100_
Keeping route for net _101_
Finished routing net _103_
Nets remaining: 77
Finished routing net _104_
Nets remaining: 76
Finished routing net _2_[0]
Nets remaining: 75
Finished routing net _108_
Nets remaining: 74
Failed to remove stacked via at grid point 45 18.
Failed to route net _109_; restoring original
Keeping route for net _110_
Finished routing net _111_
Nets remaining: 71
Finished routing net _2_[1]
Nets remaining: 70
Keeping route for net _112_
Finished routing net _113_
Nets remaining: 68
Finished routing net _114_
Nets remaining: 67
Finished routing net _2_[2]
Nets remaining: 66
Finished routing net _116_
Nets remaining: 65
Keeping route for net _118_
Finished routing net _6_
Nets remaining: 63
Keeping route for net _119_
Finished routing net _120_
Nets remaining: 61
Finished routing net _8_
Nets remaining: 60
Finished routing net _1_[0]
Nets remaining: 59
Finished routing net _122_
Nets remaining: 58
Finished routing net _1_[1]
Nets remaining: 57
Finished routing net _1_[2]
Nets remaining: 56
Finished routing net _126_
Nets remaining: 55
Keeping route for net _127_
Finished routing net _0_[0]
Nets remaining: 53
Keeping route for net _129_
Finished routing net _130_
Nets remaining: 51
Keeping route for net _131_
Finished routing net _0_[1]
Nets remaining: 49
Finished routing net _135_
Nets remaining: 48
Finished routing net _136_
Nets remaining: 47
Finished routing net _137_
Nets remaining: 46
Finished routing net _0_[2]
Nets remaining: 45
Finished routing net _138_
Nets remaining: 44
Keeping route for net _139_
Keeping route for net _140_
Finished routing net _141_
Nets remaining: 41
Finished routing net _0_[3]
Nets remaining: 40
Keeping route for net _144_
Finished routing net _145_
Nets remaining: 38
Keeping route for net _146_
Finished routing net _147_
Nets remaining: 36
Finished routing net _0_[4]
Nets remaining: 35
Finished routing net _148_
Nets remaining: 34
Finished routing net _149_
Nets remaining: 33
Finished routing net _150_
Nets remaining: 32
Keeping route for net _151_
Keeping route for net _152_
Finished routing net _153_
Nets remaining: 29
Finished routing net _0_[5]
Nets remaining: 28
Finished routing net _154_
Nets remaining: 27
Keeping route for net _155_
Finished routing net _156_
Nets remaining: 25
Finished routing net _0_[6]
Nets remaining: 24
Finished routing net CSB
Nets remaining: 23
Finished routing net SDO
Nets remaining: 22
Finished routing net oaddr[0]
Nets remaining: 21
Finished routing net oaddr[1]
Nets remaining: 20
Keeping route for net oaddr[2]
Finished routing net oaddr[3]
Nets remaining: 18
Finished routing net oaddr[4]
Nets remaining: 17
Finished routing net oaddr[5]
Nets remaining: 16
Finished routing net oaddr[6]
Nets remaining: 15
Finished routing net oaddr[7]
Nets remaining: 14
Finished routing net odata[0]
Nets remaining: 13
Finished routing net odata[1]
Nets remaining: 12
Keeping route for net odata[2]
Keeping route for net odata[3]
Keeping route for net odata[4]
Keeping route for net odata[5]
Finished routing net odata[6]
Nets remaining: 7
Finished routing net odata[7]
Nets remaining: 6
Keeping route for net rdstb
Finished routing net _165_
Nets remaining: 4
Finished routing net sdoenb
Nets remaining: 3
Finished routing net wrstb
Nets remaining: 2

----------------------------------------------
Progress: Stage 3 total routes completed: 1855
No failed routes!
----------------------------------------------
*** Writing DEF file spi_slave_route.def
emit_routes():  DEF file has 283 nets and 3 specialnets.
but qrouter wants to write 284 nets and specialnets.
----------------------------------------------
Final: No failed routes!
----------------------------------------------
*** Writing RC file spi_slave_route.rc
Running annotate.tcl antenna.out /home/jagruthi/Desktop/qflow_spi/synthesis/spi_slave.rtlnopwr.v
  /home/jagruthi/Desktop/qflow_spi/synthesis/spi_slave.spc /home/jagruthi/Desktop/qflow_spi/synthesis/spi_slave.rtlnopwr.anno.v
  /home/jagruthi/Desktop/qflow_spi/synthesis/spi_slave.anno.spc  /usr/local/share/qflow/tech/osu018/osu018_stdcells.sp /home/jagruthi/Desktop/qflow_spi/synthesis/spi_slave_powerground
Running annotate.tcl
found cell FILL pinlist vdd gnd
Done with annotate.tcl
Router script ended on Thursday 12 March 2026 04:51:35 PM IST
